<?xml version="1.0" encoding="UTF-8"?>
<!-- Generated by org.testng.reporters.JUnitXMLReporter -->
<testsuite hostname="DESKTOP-HGQIUNP" name="Test" tests="9" failures="1" timestamp="22 Feb 2021 13:24:25 GMT" time="66.821" errors="0">
  <testcase name="testmethod1" time="17.653" classname="Selenium_Grafana_Influx.Selenium_Grafana_Influx.TestCases"/>
  <testcase name="testmethod2" time="20.457" classname="Selenium_Grafana_Influx.Selenium_Grafana_Influx.TestCases"/>
  <testcase name="testMethod3" time="9.012" classname="Selenium_Grafana_Influx.Selenium_Grafana_Influx.TestCases"/>
  <testcase name="testCaseSkipException" time="0.001" classname="Selenium_Grafana_Influx.Selenium_Grafana_Influx.TestCases">
    <skipped/>
  </testcase> <!-- testCaseSkipException -->
  <testcase name="failingTestCase" time="0.0" classname="Selenium_Grafana_Influx.Selenium_Grafana_Influx.TestCases">
    <failure type="junit.framework.AssertionFailedError" message="expected:&amp;lt;3&amp;gt; but was:&amp;lt;1&amp;gt;">
      <![CDATA[junit.framework.AssertionFailedError: expected:<3> but was:<1>
	at junit.framework.Assert.fail(Assert.java:47)
	at junit.framework.Assert.failNotEquals(Assert.java:282)
	at junit.framework.Assert.assertEquals(Assert.java:64)
	at junit.framework.Assert.assertEquals(Assert.java:201)
	at junit.framework.Assert.assertEquals(Assert.java:207)
	at Selenium_Grafana_Influx.Selenium_Grafana_Influx.TestCases.failingTestCase(TestCases.java:98)
... Removed 24 stack frames]]>
    </failure>
  </testcase> <!-- failingTestCase -->
  <testcase name="get_Request_Test" time="4.301" classname="Selenium_Grafana_Influx.Selenium_Grafana_Influx.APITest"/>
  <testcase name="post_Request_Test" time="1.542" classname="Selenium_Grafana_Influx.Selenium_Grafana_Influx.APITest"/>
  <testcase name="put_Request_Test" time="2.219" classname="Selenium_Grafana_Influx.Selenium_Grafana_Influx.APITest"/>
  <testcase name="delete_Request_Test" time="2.079" classname="Selenium_Grafana_Influx.Selenium_Grafana_Influx.APITest"/>
</testsuite> <!-- Test -->
