<?xml version="1.0" encoding="UTF-8"?>
<testng-results skipped="1" failed="1" total="9" passed="7">
  <reporter-output>
  </reporter-output>
  <suite name="Suite" duration-ms="66821" started-at="2021-02-22T13:23:18Z" finished-at="2021-02-22T13:24:25Z">
    <groups>
    </groups>
    <test name="Test" duration-ms="66821" started-at="2021-02-22T13:23:18Z" finished-at="2021-02-22T13:24:25Z">
      <class name="Selenium_Grafana_Influx.Selenium_Grafana_Influx.APITest">
        <test-method status="PASS" signature="get_Request_Test()[pri:0, instance:Selenium_Grafana_Influx.Selenium_Grafana_Influx.APITest@3bfdc050]" name="get_Request_Test" duration-ms="4301" started-at="2021-02-22T18:54:14Z" description="Get API Test" finished-at="2021-02-22T18:54:18Z">
          <reporter-output>
          </reporter-output>
        </test-method> <!-- get_Request_Test -->
        <test-method status="PASS" signature="post_Request_Test()[pri:0, instance:Selenium_Grafana_Influx.Selenium_Grafana_Influx.APITest@3bfdc050]" name="post_Request_Test" duration-ms="1542" started-at="2021-02-22T18:54:18Z" description="Post API Test" finished-at="2021-02-22T18:54:20Z">
          <reporter-output>
          </reporter-output>
        </test-method> <!-- post_Request_Test -->
        <test-method status="PASS" signature="put_Request_Test()[pri:0, instance:Selenium_Grafana_Influx.Selenium_Grafana_Influx.APITest@3bfdc050]" name="put_Request_Test" duration-ms="2219" started-at="2021-02-22T18:54:20Z" description="Put API Test" finished-at="2021-02-22T18:54:22Z">
          <reporter-output>
          </reporter-output>
        </test-method> <!-- put_Request_Test -->
        <test-method status="PASS" signature="delete_Request_Test()[pri:0, instance:Selenium_Grafana_Influx.Selenium_Grafana_Influx.APITest@3bfdc050]" name="delete_Request_Test" duration-ms="2079" started-at="2021-02-22T18:54:22Z" description="Delete API Test" finished-at="2021-02-22T18:54:24Z">
          <reporter-output>
          </reporter-output>
        </test-method> <!-- delete_Request_Test -->
      </class> <!-- Selenium_Grafana_Influx.Selenium_Grafana_Influx.APITest -->
      <class name="Selenium_Grafana_Influx.Selenium_Grafana_Influx.TestCases">
        <test-method status="PASS" signature="launchBrowser()[pri:0, instance:Selenium_Grafana_Influx.Selenium_Grafana_Influx.TestCases@59fa1d9b]" name="launchBrowser" is-config="true" duration-ms="8314" started-at="2021-02-22T18:53:18Z" finished-at="2021-02-22T18:53:26Z">
          <reporter-output>
          </reporter-output>
        </test-method> <!-- launchBrowser -->
        <test-method status="PASS" signature="testmethod1()[pri:0, instance:Selenium_Grafana_Influx.Selenium_Grafana_Influx.TestCases@59fa1d9b]" name="testmethod1" duration-ms="17653" started-at="2021-02-22T18:53:26Z" description="First Test Case" finished-at="2021-02-22T18:53:44Z">
          <reporter-output>
          </reporter-output>
        </test-method> <!-- testmethod1 -->
        <test-method status="PASS" signature="testmethod2()[pri:0, instance:Selenium_Grafana_Influx.Selenium_Grafana_Influx.TestCases@59fa1d9b]" name="testmethod2" duration-ms="20457" started-at="2021-02-22T18:53:44Z" description="Second Test Case" finished-at="2021-02-22T18:54:05Z">
          <reporter-output>
          </reporter-output>
        </test-method> <!-- testmethod2 -->
        <test-method status="PASS" signature="testMethod3()[pri:0, instance:Selenium_Grafana_Influx.Selenium_Grafana_Influx.TestCases@59fa1d9b]" name="testMethod3" duration-ms="9012" started-at="2021-02-22T18:54:05Z" description="Third Test Case" finished-at="2021-02-22T18:54:14Z">
          <reporter-output>
          </reporter-output>
        </test-method> <!-- testMethod3 -->
        <test-method status="SKIP" signature="testCaseSkipException()[pri:0, instance:Selenium_Grafana_Influx.Selenium_Grafana_Influx.TestCases@59fa1d9b]" name="testCaseSkipException" duration-ms="1" started-at="2021-02-22T18:54:14Z" description="Forth Test Case" finished-at="2021-02-22T18:54:14Z">
          <exception class="org.testng.SkipException">
            <message>
              <![CDATA[Skipping this exception]]>
            </message>
            <full-stacktrace>
              <![CDATA[org.testng.SkipException: Skipping this exception
	at Selenium_Grafana_Influx.Selenium_Grafana_Influx.TestCases.testCaseSkipException(TestCases.java:91)
	at sun.reflect.NativeMethodAccessorImpl.invoke0(Native Method)
	at sun.reflect.NativeMethodAccessorImpl.invoke(NativeMethodAccessorImpl.java:62)
	at sun.reflect.DelegatingMethodAccessorImpl.invoke(DelegatingMethodAccessorImpl.java:43)
	at java.lang.reflect.Method.invoke(Method.java:498)
	at org.testng.internal.MethodInvocationHelper.invokeMethod(MethodInvocationHelper.java:84)
	at org.testng.internal.Invoker.invokeMethod(Invoker.java:714)
	at org.testng.internal.Invoker.invokeTestMethod(Invoker.java:901)
	at org.testng.internal.Invoker.invokeTestMethods(Invoker.java:1231)
	at org.testng.internal.TestMethodWorker.invokeTestMethods(TestMethodWorker.java:127)
	at org.testng.internal.TestMethodWorker.run(TestMethodWorker.java:111)
	at org.testng.TestRunner.privateRun(TestRunner.java:767)
	at org.testng.TestRunner.run(TestRunner.java:617)
	at org.testng.SuiteRunner.runTest(SuiteRunner.java:348)
	at org.testng.SuiteRunner.runSequentially(SuiteRunner.java:343)
	at org.testng.SuiteRunner.privateRun(SuiteRunner.java:305)
	at org.testng.SuiteRunner.run(SuiteRunner.java:254)
	at org.testng.SuiteRunnerWorker.runSuite(SuiteRunnerWorker.java:52)
	at org.testng.SuiteRunnerWorker.run(SuiteRunnerWorker.java:86)
	at org.testng.TestNG.runSuitesSequentially(TestNG.java:1224)
	at org.testng.TestNG.runSuitesLocally(TestNG.java:1149)
	at org.testng.TestNG.run(TestNG.java:1057)
	at org.testng.remote.AbstractRemoteTestNG.run(AbstractRemoteTestNG.java:114)
	at org.testng.remote.RemoteTestNG.initAndRun(RemoteTestNG.java:251)
	at org.testng.remote.RemoteTestNG.main(RemoteTestNG.java:77)
]]>
            </full-stacktrace>
          </exception> <!-- org.testng.SkipException -->
          <reporter-output>
          </reporter-output>
        </test-method> <!-- testCaseSkipException -->
        <test-method status="FAIL" signature="failingTestCase()[pri:0, instance:Selenium_Grafana_Influx.Selenium_Grafana_Influx.TestCases@59fa1d9b]" name="failingTestCase" duration-ms="0" started-at="2021-02-22T18:54:14Z" description="Forth Test Case" finished-at="2021-02-22T18:54:14Z">
          <exception class="junit.framework.AssertionFailedError">
            <message>
              <![CDATA[expected:<3> but was:<1>]]>
            </message>
            <full-stacktrace>
              <![CDATA[junit.framework.AssertionFailedError: expected:<3> but was:<1>
	at junit.framework.Assert.fail(Assert.java:47)
	at junit.framework.Assert.failNotEquals(Assert.java:282)
	at junit.framework.Assert.assertEquals(Assert.java:64)
	at junit.framework.Assert.assertEquals(Assert.java:201)
	at junit.framework.Assert.assertEquals(Assert.java:207)
	at Selenium_Grafana_Influx.Selenium_Grafana_Influx.TestCases.failingTestCase(TestCases.java:98)
	at sun.reflect.NativeMethodAccessorImpl.invoke0(Native Method)
	at sun.reflect.NativeMethodAccessorImpl.invoke(NativeMethodAccessorImpl.java:62)
	at sun.reflect.DelegatingMethodAccessorImpl.invoke(DelegatingMethodAccessorImpl.java:43)
	at java.lang.reflect.Method.invoke(Method.java:498)
	at org.testng.internal.MethodInvocationHelper.invokeMethod(MethodInvocationHelper.java:84)
	at org.testng.internal.Invoker.invokeMethod(Invoker.java:714)
	at org.testng.internal.Invoker.invokeTestMethod(Invoker.java:901)
	at org.testng.internal.Invoker.invokeTestMethods(Invoker.java:1231)
	at org.testng.internal.TestMethodWorker.invokeTestMethods(TestMethodWorker.java:127)
	at org.testng.internal.TestMethodWorker.run(TestMethodWorker.java:111)
	at org.testng.TestRunner.privateRun(TestRunner.java:767)
	at org.testng.TestRunner.run(TestRunner.java:617)
	at org.testng.SuiteRunner.runTest(SuiteRunner.java:348)
	at org.testng.SuiteRunner.runSequentially(SuiteRunner.java:343)
	at org.testng.SuiteRunner.privateRun(SuiteRunner.java:305)
	at org.testng.SuiteRunner.run(SuiteRunner.java:254)
	at org.testng.SuiteRunnerWorker.runSuite(SuiteRunnerWorker.java:52)
	at org.testng.SuiteRunnerWorker.run(SuiteRunnerWorker.java:86)
	at org.testng.TestNG.runSuitesSequentially(TestNG.java:1224)
	at org.testng.TestNG.runSuitesLocally(TestNG.java:1149)
	at org.testng.TestNG.run(TestNG.java:1057)
	at org.testng.remote.AbstractRemoteTestNG.run(AbstractRemoteTestNG.java:114)
	at org.testng.remote.RemoteTestNG.initAndRun(RemoteTestNG.java:251)
	at org.testng.remote.RemoteTestNG.main(RemoteTestNG.java:77)
]]>
            </full-stacktrace>
          </exception> <!-- junit.framework.AssertionFailedError -->
          <reporter-output>
          </reporter-output>
        </test-method> <!-- failingTestCase -->
        <test-method status="PASS" signature="closeBrowser()[pri:0, instance:Selenium_Grafana_Influx.Selenium_Grafana_Influx.TestCases@59fa1d9b]" name="closeBrowser" is-config="true" duration-ms="261" started-at="2021-02-22T18:54:24Z" finished-at="2021-02-22T18:54:25Z">
          <reporter-output>
          </reporter-output>
        </test-method> <!-- closeBrowser -->
      </class> <!-- Selenium_Grafana_Influx.Selenium_Grafana_Influx.TestCases -->
    </test> <!-- Test -->
  </suite> <!-- Suite -->
</testng-results>
